<?xml version="1.0" encoding="UTF-8"?>
<testng-results ignored="0" total="1" passed="1" failed="0" skipped="0">
    <reporter-output>
    </reporter-output>
    <suite started-at="2022-03-14T16:54:31 EET" name="Default suite" finished-at="2022-03-14T16:54:37 EET"
           duration-ms="6460">
        <groups>
        </groups>
        <test started-at="2022-03-14T16:54:31 EET" name="Default test" finished-at="2022-03-14T16:54:37 EET"
              duration-ms="6460">
            <class name="testPackage.NewTest">
                <test-method signature="f()[pri:0, instance:testPackage.NewTest@5276e6b0]"
                             started-at="2022-03-14T16:54:31 EET" name="f" finished-at="2022-03-14T16:54:37 EET"
                             duration-ms="6447" status="PASS">
                    <reporter-output>
                    </reporter-output>
                </test-method> <!-- f -->
            </class> <!-- testPackage.NewTest -->
        </test> <!-- Default test -->
    </suite> <!-- Default suite -->
</testng-results>
